2023-02-20-18:05:50.557 INFO [main]-org.springframework.boot.StartupInfoLogger:55>>Starting ApiApplication using Java 1.8.0_352 on LAPTOP-B3RS55I7 with PID 39684 (E:\Java\SpringProject\Jave-services\api\target\classes started by 23066 in E:\Java\SpringProject\Jave-services)
2023-02-20-18:05:50.559 INFO [main]-org.springframework.boot.SpringApplication:662>>No active profile set, falling back to default profiles: default
2023-02-20-18:05:51.528 INFO [main]-org.springframework.data.repository.config.RepositoryConfigurationDelegate:250>>Multiple Spring Data modules found, entering strict repository configuration mode!
2023-02-20-18:05:51.529 INFO [main]-org.springframework.data.repository.config.RepositoryConfigurationDelegate:128>>Bootstrapping Spring Data Elasticsearch repositories in DEFAULT mode.
2023-02-20-18:05:51.555 INFO [main]-org.springframework.data.repository.config.RepositoryConfigurationDelegate:188>>Finished Spring Data repository scanning in 22 ms. Found 0 Elasticsearch repository interfaces.
2023-02-20-18:05:51.559 INFO [main]-org.springframework.data.repository.config.RepositoryConfigurationDelegate:250>>Multiple Spring Data modules found, entering strict repository configuration mode!
2023-02-20-18:05:51.559 INFO [main]-org.springframework.data.repository.config.RepositoryConfigurationDelegate:128>>Bootstrapping Spring Data Reactive Elasticsearch repositories in DEFAULT mode.
2023-02-20-18:05:51.565 INFO [main]-org.springframework.data.repository.config.RepositoryConfigurationDelegate:188>>Finished Spring Data repository scanning in 5 ms. Found 0 Reactive Elasticsearch repository interfaces.
2023-02-20-18:05:51.575 INFO [main]-org.springframework.data.repository.config.RepositoryConfigurationDelegate:250>>Multiple Spring Data modules found, entering strict repository configuration mode!
2023-02-20-18:05:51.576 INFO [main]-org.springframework.data.repository.config.RepositoryConfigurationDelegate:128>>Bootstrapping Spring Data Redis repositories in DEFAULT mode.
2023-02-20-18:05:51.588 INFO [main]-org.springframework.data.repository.config.RepositoryConfigurationDelegate:188>>Finished Spring Data repository scanning in 5 ms. Found 0 Redis repository interfaces.
2023-02-20-18:05:51.714 WARN [main]-org.mybatis.logging.Logger:44>>No MyBatis mapper was found in '[com.qfedu.fmmall]' package. Please check your configuration.
2023-02-20-18:05:52.104 INFO [main]-org.springframework.boot.web.embedded.tomcat.TomcatWebServer:108>>Tomcat initialized with port(s): 8090 (http)
2023-02-20-18:05:52.112 INFO [main]-org.apache.juli.logging.DirectJDKLog:173>>Initializing ProtocolHandler ["http-nio-8090"]
2023-02-20-18:05:52.112 INFO [main]-org.apache.juli.logging.DirectJDKLog:173>>Starting service [Tomcat]
2023-02-20-18:05:52.112 INFO [main]-org.apache.juli.logging.DirectJDKLog:173>>Starting Servlet engine: [Apache Tomcat/9.0.44]
2023-02-20-18:05:52.224 INFO [main]-org.apache.juli.logging.DirectJDKLog:173>>Initializing Spring embedded WebApplicationContext
2023-02-20-18:05:52.224 INFO [main]-org.springframework.boot.web.servlet.context.ServletWebServerApplicationContext:289>>Root WebApplicationContext: initialization completed in 1623 ms
2023-02-20-18:05:52.291 INFO [main]-com.alibaba.druid.spring.boot.autoconfigure.DruidDataSourceAutoConfigure:56>>Init DruidDataSource
2023-02-20-18:05:52.440 INFO [main]-com.alibaba.druid.pool.DruidDataSource:994>>{dataSource-1} inited
2023-02-20-18:05:53.529 INFO [main]-springfox.documentation.spring.web.PropertySourcedRequestMappingHandlerMapping:69>>Mapped URL path [/v2/api-docs] onto method [springfox.documentation.swagger2.web.Swagger2Controller#getDocumentation(String, HttpServletRequest)]
2023-02-20-18:05:53.594 INFO [main]-org.springframework.scheduling.concurrent.ExecutorConfigurationSupport:181>>Initializing ExecutorService 'applicationTaskExecutor'
2023-02-20-18:05:53.687 INFO [main]-tk.mybatis.mapper.autoconfigure.MapperCacheDisabler:60>>Clear tk.mybatis.mapper.util.MsUtil CLASS_CACHE cache.
2023-02-20-18:05:53.687 INFO [main]-tk.mybatis.mapper.autoconfigure.MapperCacheDisabler:60>>Clear tk.mybatis.mapper.genid.GenIdUtil CACHE cache.
2023-02-20-18:05:53.688 INFO [main]-tk.mybatis.mapper.autoconfigure.MapperCacheDisabler:60>>Clear tk.mybatis.mapper.version.VersionUtil CACHE cache.
2023-02-20-18:05:53.688 INFO [main]-tk.mybatis.mapper.autoconfigure.MapperCacheDisabler:83>>Clear EntityHelper entityTableMap cache.
2023-02-20-18:05:53.953 WARN [main]-org.springframework.data.convert.CustomConversions:270>>Registering converter from class org.springframework.data.geo.Point to interface java.util.Map as writing converter although it doesn't convert to a store-supported type! You might want to check your annotation setup at the converter implementation.
2023-02-20-18:05:53.953 WARN [main]-org.springframework.data.convert.CustomConversions:260>>Registering converter from interface java.util.Map to class org.springframework.data.geo.Point as reading converter although it doesn't convert from a store-supported type! You might want to check your annotation setup at the converter implementation.
2023-02-20-18:05:53.953 WARN [main]-org.springframework.data.convert.CustomConversions:270>>Registering converter from class org.springframework.data.elasticsearch.core.geo.GeoPoint to interface java.util.Map as writing converter although it doesn't convert to a store-supported type! You might want to check your annotation setup at the converter implementation.
2023-02-20-18:05:53.953 WARN [main]-org.springframework.data.convert.CustomConversions:260>>Registering converter from interface java.util.Map to class org.springframework.data.elasticsearch.core.geo.GeoPoint as reading converter although it doesn't convert from a store-supported type! You might want to check your annotation setup at the converter implementation.
2023-02-20-18:05:53.953 WARN [main]-org.springframework.data.convert.CustomConversions:270>>Registering converter from interface org.springframework.data.elasticsearch.core.geo.GeoJson to interface java.util.Map as writing converter although it doesn't convert to a store-supported type! You might want to check your annotation setup at the converter implementation.
2023-02-20-18:05:53.954 WARN [main]-org.springframework.data.convert.CustomConversions:260>>Registering converter from interface java.util.Map to interface org.springframework.data.elasticsearch.core.geo.GeoJson as reading converter although it doesn't convert from a store-supported type! You might want to check your annotation setup at the converter implementation.
2023-02-20-18:05:53.954 WARN [main]-org.springframework.data.convert.CustomConversions:270>>Registering converter from class org.springframework.data.elasticsearch.core.geo.GeoJsonPoint to interface java.util.Map as writing converter although it doesn't convert to a store-supported type! You might want to check your annotation setup at the converter implementation.
2023-02-20-18:05:53.954 WARN [main]-org.springframework.data.convert.CustomConversions:260>>Registering converter from interface java.util.Map to class org.springframework.data.elasticsearch.core.geo.GeoJsonPoint as reading converter although it doesn't convert from a store-supported type! You might want to check your annotation setup at the converter implementation.
2023-02-20-18:05:53.954 WARN [main]-org.springframework.data.convert.CustomConversions:270>>Registering converter from class org.springframework.data.elasticsearch.core.geo.GeoJsonMultiPoint to interface java.util.Map as writing converter although it doesn't convert to a store-supported type! You might want to check your annotation setup at the converter implementation.
2023-02-20-18:05:53.954 WARN [main]-org.springframework.data.convert.CustomConversions:260>>Registering converter from interface java.util.Map to class org.springframework.data.elasticsearch.core.geo.GeoJsonMultiPoint as reading converter although it doesn't convert from a store-supported type! You might want to check your annotation setup at the converter implementation.
2023-02-20-18:05:53.954 WARN [main]-org.springframework.data.convert.CustomConversions:270>>Registering converter from class org.springframework.data.elasticsearch.core.geo.GeoJsonLineString to interface java.util.Map as writing converter although it doesn't convert to a store-supported type! You might want to check your annotation setup at the converter implementation.
2023-02-20-18:05:53.954 WARN [main]-org.springframework.data.convert.CustomConversions:260>>Registering converter from interface java.util.Map to class org.springframework.data.elasticsearch.core.geo.GeoJsonLineString as reading converter although it doesn't convert from a store-supported type! You might want to check your annotation setup at the converter implementation.
2023-02-20-18:05:53.954 WARN [main]-org.springframework.data.convert.CustomConversions:270>>Registering converter from class org.springframework.data.elasticsearch.core.geo.GeoJsonMultiLineString to interface java.util.Map as writing converter although it doesn't convert to a store-supported type! You might want to check your annotation setup at the converter implementation.
2023-02-20-18:05:53.955 WARN [main]-org.springframework.data.convert.CustomConversions:260>>Registering converter from interface java.util.Map to class org.springframework.data.elasticsearch.core.geo.GeoJsonMultiLineString as reading converter although it doesn't convert from a store-supported type! You might want to check your annotation setup at the converter implementation.
2023-02-20-18:05:53.955 WARN [main]-org.springframework.data.convert.CustomConversions:270>>Registering converter from class org.springframework.data.elasticsearch.core.geo.GeoJsonPolygon to interface java.util.Map as writing converter although it doesn't convert to a store-supported type! You might want to check your annotation setup at the converter implementation.
2023-02-20-18:05:53.955 WARN [main]-org.springframework.data.convert.CustomConversions:260>>Registering converter from interface java.util.Map to class org.springframework.data.elasticsearch.core.geo.GeoJsonPolygon as reading converter although it doesn't convert from a store-supported type! You might want to check your annotation setup at the converter implementation.
2023-02-20-18:05:53.955 WARN [main]-org.springframework.data.convert.CustomConversions:270>>Registering converter from class org.springframework.data.elasticsearch.core.geo.GeoJsonMultiPolygon to interface java.util.Map as writing converter although it doesn't convert to a store-supported type! You might want to check your annotation setup at the converter implementation.
2023-02-20-18:05:53.955 WARN [main]-org.springframework.data.convert.CustomConversions:260>>Registering converter from interface java.util.Map to class org.springframework.data.elasticsearch.core.geo.GeoJsonMultiPolygon as reading converter although it doesn't convert from a store-supported type! You might want to check your annotation setup at the converter implementation.
2023-02-20-18:05:53.955 WARN [main]-org.springframework.data.convert.CustomConversions:270>>Registering converter from class org.springframework.data.elasticsearch.core.geo.GeoJsonGeometryCollection to interface java.util.Map as writing converter although it doesn't convert to a store-supported type! You might want to check your annotation setup at the converter implementation.
2023-02-20-18:05:53.955 WARN [main]-org.springframework.data.convert.CustomConversions:260>>Registering converter from interface java.util.Map to class org.springframework.data.elasticsearch.core.geo.GeoJsonGeometryCollection as reading converter although it doesn't convert from a store-supported type! You might want to check your annotation setup at the converter implementation.
2023-02-20-18:05:56.002 INFO [main]-org.springframework.data.elasticsearch.support.VersionInfo:62>>Version Spring Data Elasticsearch: 4.1.6
2023-02-20-18:05:56.003 INFO [main]-org.springframework.data.elasticsearch.support.VersionInfo:63>>Version Elasticsearch Client in build: 7.9.3
2023-02-20-18:05:56.003 INFO [main]-org.springframework.data.elasticsearch.support.VersionInfo:64>>Version Elasticsearch Client used: 7.9.3
2023-02-20-18:05:56.110 INFO [main]-org.quartz.impl.StdSchedulerFactory:1220>>Using default implementation for ThreadExecutor
2023-02-20-18:05:56.119 INFO [main]-org.quartz.core.SchedulerSignalerImpl:61>>Initialized Scheduler Signaller of type: class org.quartz.core.SchedulerSignalerImpl
2023-02-20-18:05:56.119 INFO [main]-org.quartz.core.QuartzScheduler:229>>Quartz Scheduler v.2.3.2 created.
2023-02-20-18:05:56.120 INFO [main]-org.quartz.simpl.RAMJobStore:155>>RAMJobStore initialized.
2023-02-20-18:05:56.120 INFO [main]-org.quartz.core.QuartzScheduler:294>>Scheduler meta-data: Quartz Scheduler (v2.3.2) 'quartzScheduler' with instanceId 'NON_CLUSTERED'
  Scheduler class: 'org.quartz.core.QuartzScheduler' - running locally.
  NOT STARTED.
  Currently in standby mode.
  Number of jobs executed: 0
  Using thread pool 'org.quartz.simpl.SimpleThreadPool' - with 10 threads.
  Using job-store 'org.quartz.simpl.RAMJobStore' - which does not support persistence. and is not clustered.

2023-02-20-18:05:56.120 INFO [main]-org.quartz.impl.StdSchedulerFactory:1374>>Quartz scheduler 'quartzScheduler' initialized from an externally provided properties instance.
2023-02-20-18:05:56.120 INFO [main]-org.quartz.impl.StdSchedulerFactory:1378>>Quartz scheduler version: 2.3.2
2023-02-20-18:05:56.121 INFO [main]-org.quartz.core.QuartzScheduler:2293>>JobFactory set to: org.springframework.scheduling.quartz.SpringBeanJobFactory@1410d645
2023-02-20-18:05:56.126 INFO [main]-org.springframework.scheduling.concurrent.ExecutorConfigurationSupport:181>>Initializing ExecutorService 'taskScheduler'
2023-02-20-18:05:56.167 INFO [main]-org.apache.juli.logging.DirectJDKLog:173>>Starting ProtocolHandler ["http-nio-8090"]
2023-02-20-18:05:56.179 INFO [main]-org.springframework.boot.web.embedded.tomcat.TomcatWebServer:220>>Tomcat started on port(s): 8090 (http) with context path ''
2023-02-20-18:05:56.180 INFO [main]-springfox.documentation.spring.web.plugins.DocumentationPluginsBootstrapper:160>>Context refreshed
2023-02-20-18:05:56.192 INFO [main]-springfox.documentation.spring.web.plugins.DocumentationPluginsBootstrapper:163>>Found 1 custom documentation plugin(s)
2023-02-20-18:05:56.217 INFO [main]-springfox.documentation.spring.web.scanners.ApiListingReferenceScanner:41>>Scanning for api listing references
2023-02-20-18:05:56.351 INFO [main]-springfox.documentation.spring.web.readers.operation.CachingOperationNameGenerator:40>>Generating unique operation named: listUsingGET_1
2023-02-20-18:05:56.367 INFO [main]-org.springframework.scheduling.quartz.SchedulerFactoryBean:727>>Starting Quartz Scheduler now
2023-02-20-18:05:56.367 INFO [main]-org.quartz.core.QuartzScheduler:547>>Scheduler quartzScheduler_$_NON_CLUSTERED started.
2023-02-20-18:05:56.380 INFO [main]-org.springframework.boot.StartupInfoLogger:61>>Started ApiApplication in 6.302 seconds (JVM running for 7.691)
2023-02-20-18:06:05.652 INFO [http-nio-8090-exec-1]-org.apache.juli.logging.DirectJDKLog:173>>Initializing Spring DispatcherServlet 'dispatcherServlet'
2023-02-20-18:06:05.652 INFO [http-nio-8090-exec-1]-org.springframework.web.servlet.FrameworkServlet:525>>Initializing Servlet 'dispatcherServlet'
2023-02-20-18:06:05.653 INFO [http-nio-8090-exec-1]-org.springframework.web.servlet.FrameworkServlet:547>>Completed initialization in 1 ms
